Arguments: 
  C:\Program Files\nodejs\node.exe C:\Users\david\scoop\apps\yarn\current\Yarn\bin\yarn.js start

PATH: 
  C:\ProgramData\Oracle\Java\javapath;C:\Program Files (x86)\Intel\iCLS Client\;C:\Program Files\Dell\DW WLAN Card;C:\Program Files\Intel\iCLS Client\;C:\Windows\system32;C:\Windows;C:\Windows\System32\Wbem;C:\Windows\System32\WindowsPowerShell\v1.0\;C:\Program Files\WIDCOMM\Bluetooth Software\;C:\Program Files\WIDCOMM\Bluetooth Software\syswow64;C:\Program Files (x86)\NVIDIA Corporation\PhysX\Common;C:\WINDOWS\system32;C:\WINDOWS;C:\WINDOWS\System32\Wbem;C:\WINDOWS\System32\WindowsPowerShell\v1.0\;C:\Program Files (x86)\Windows Live\Shared;C:\Program Files\Git\cmd;C:\Program Files\Git\mingw64\bin;C:\Program Files\Git\usr\bin;C:\Program Files (x86)\Intel\Intel(R) Management Engine Components\DAL;C:\Program Files\Intel\Intel(R) Management Engine Components\DAL;C:\Program Files (x86)\Intel\Intel(R) Management Engine Components\IPT;C:\Program Files\Intel\Intel(R) Management Engine Components\IPT;C:\Program Files\PuTTY\;C:\Program Files\nodejs\;C:\Program Files\Java\jdk-10\bin;C:\Users\david\scoop\apps\yarn\current\Yarn\bin;C:\Users\david\scoop\apps\yarn\current\bin;C:\Users\david\scoop\shims;C:\Users\david\AppData\Local\Microsoft\WindowsApps;C:\Users\david\AppData\Local\atom\bin;C:\Users\david\AppData\Local\Microsoft\WindowsApps;C:\Users\david\AppData\Roaming\npm;C:\Program Files\Microsoft VS Code\bin;C:\Python36-32;C:\Python36-32\Scripts;C:\Program Files\PostgreSQL\10\bin;C:\Program Files\PostgreSQL\10\lib;C:\Program Files\Java\jdk-10;

Yarn version: 
  1.5.1

Node version: 
  8.10.0

Platform: 
  win32 x64

npm manifest: 
  {
    "name": "typescript_tutorial",
    "version": "1.0.0",
    "main": "index.js",
    "description": "Typescript tutorial from academy.nomadcoders.com",
    "repository": "https://github.com/ujin43255252/typescript_tutorial.git",
    "author": "ujin43255252 <ujin43255252@gmail.com>",
    "license": "MIT",
    "scripts": {
      "start": "node index.js",
      "prestart": "tsc"
    }
  }

yarn manifest: 
  No manifest

Lockfile: 
  No lockfile

Trace: 
  Error: Command failed.
  Exit code: 1
  Command: C:\WINDOWS\system32\cmd.exe
  Arguments: /d /s /c node index.js
  Directory: C:\Users\david\Portfolio\CS\typescript_tutorial
  Output:
  
      at ProcessTermError.MessageError (C:\Users\david\scoop\apps\yarn\1.5.1\Yarn\lib\cli.js:186:110)
      at new ProcessTermError (C:\Users\david\scoop\apps\yarn\1.5.1\Yarn\lib\cli.js:226:113)
      at ChildProcess.<anonymous> (C:\Users\david\scoop\apps\yarn\1.5.1\Yarn\lib\cli.js:30281:17)
      at emitTwo (events.js:126:13)
      at ChildProcess.emit (events.js:214:7)
      at maybeClose (internal/child_process.js:925:16)
      at Process.ChildProcess._handle.onexit (internal/child_process.js:209:5)
